

============================== 2022-07-14 20:00:02.527232 | cfcda3fc-3948-4dc3-a1ed-8a387cd70a1f ==============================
20:00:02.527241 [info ] [MainThread]: Running with dbt=1.1.1
20:00:02.527565 [debug] [MainThread]: running dbt with arguments {'write_json': True, 'use_colors': True, 'printer_width': 80, 'version_check': True, 'partial_parse': True, 'static_parser': True, 'profiles_dir': '/home/ep/.dbt', 'send_anonymous_usage_stats': True, 'event_buffer_size': 100000, 'quiet': False, 'no_print': False, 'project_name': 'dbt_1_postgres', 'skip_profile_setup': False, 'which': 'init', 'indirect_selection': 'eager'}
20:00:02.527692 [debug] [MainThread]: Tracking: tracking
20:00:02.529346 [debug] [MainThread]: Sending event: {'category': 'dbt', 'action': 'invocation', 'label': 'start', 'context': [<snowplow_tracker.self_describing_json.SelfDescribingJson object at 0x7f9cdf67a8c0>, <snowplow_tracker.self_describing_json.SelfDescribingJson object at 0x7f9cdf67a650>, <snowplow_tracker.self_describing_json.SelfDescribingJson object at 0x7f9cdf67b9d0>]}
20:00:02.529668 [info ] [MainThread]: Creating dbt configuration folder at /home/ep/.dbt
20:00:02.530847 [debug] [MainThread]: Starter project path: /home/ep/.local/share/virtualenvs/dbt_1-nd3y7_Vy/lib/python3.10/site-packages/dbt/include/starter_project
20:00:26.501756 [info ] [MainThread]: Profile dbt_1_postgres written to /home/ep/.dbt/profiles.yml using target's sample configuration. Once updated, you'll be able to start developing with dbt.
20:00:26.502855 [info ] [MainThread]: 
Your new dbt project "dbt_1_postgres" was created!

For more information on how to configure the profiles.yml file,
please consult the dbt documentation here:

  https://docs.getdbt.com/docs/configure-your-profile

One more thing:

Need help? Don't hesitate to reach out to us via GitHub issues or on Slack:

  https://community.getdbt.com/

Happy modeling!

20:00:26.503269 [debug] [MainThread]: Sending event: {'category': 'dbt', 'action': 'invocation', 'label': 'end', 'context': [<snowplow_tracker.self_describing_json.SelfDescribingJson object at 0x7f9cdf678df0>, <snowplow_tracker.self_describing_json.SelfDescribingJson object at 0x7f9cdf67b9d0>, <snowplow_tracker.self_describing_json.SelfDescribingJson object at 0x7f9cdf678e20>]}


============================== 2022-07-15 17:22:24.760681 | 61a25166-f6bd-4593-bc9b-a2e6c1ed5f12 ==============================
17:22:24.760692 [info ] [MainThread]: Running with dbt=1.1.1
17:22:24.760989 [debug] [MainThread]: running dbt with arguments {'write_json': True, 'use_colors': True, 'printer_width': 80, 'version_check': True, 'partial_parse': True, 'static_parser': True, 'profiles_dir': '/home/ep/.dbt', 'send_anonymous_usage_stats': True, 'event_buffer_size': 100000, 'quiet': False, 'no_print': False, 'config_dir': False, 'which': 'debug', 'indirect_selection': 'eager'}
17:22:24.761111 [debug] [MainThread]: Tracking: tracking
17:22:24.762640 [debug] [MainThread]: Sending event: {'category': 'dbt', 'action': 'invocation', 'label': 'start', 'context': [<snowplow_tracker.self_describing_json.SelfDescribingJson object at 0x7f0a5863ca30>, <snowplow_tracker.self_describing_json.SelfDescribingJson object at 0x7f0a5863d0c0>, <snowplow_tracker.self_describing_json.SelfDescribingJson object at 0x7f0a57e5ead0>]}
17:22:24.841200 [debug] [MainThread]: Executing "git --help"
17:22:24.843437 [debug] [MainThread]: STDOUT: "b"usage: git [--version] [--help] [-C <path>] [-c <name>=<value>]\n           [--exec-path[=<path>]] [--html-path] [--man-path] [--info-path]\n           [-p | --paginate | -P | --no-pager] [--no-replace-objects] [--bare]\n           [--git-dir=<path>] [--work-tree=<path>] [--namespace=<name>]\n           [--super-prefix=<path>] [--config-env=<name>=<envvar>]\n           <command> [<args>]\n\nThese are common Git commands used in various situations:\n\nstart a working area (see also: git help tutorial)\n   clone     Clone a repository into a new directory\n   init      Create an empty Git repository or reinitialize an existing one\n\nwork on the current change (see also: git help everyday)\n   add       Add file contents to the index\n   mv        Move or rename a file, a directory, or a symlink\n   restore   Restore working tree files\n   rm        Remove files from the working tree and from the index\n\nexamine the history and state (see also: git help revisions)\n   bisect    Use binary search to find the commit that introduced a bug\n   diff      Show changes between commits, commit and working tree, etc\n   grep      Print lines matching a pattern\n   log       Show commit logs\n   show      Show various types of objects\n   status    Show the working tree status\n\ngrow, mark and tweak your common history\n   branch    List, create, or delete branches\n   commit    Record changes to the repository\n   merge     Join two or more development histories together\n   rebase    Reapply commits on top of another base tip\n   reset     Reset current HEAD to the specified state\n   switch    Switch branches\n   tag       Create, list, delete or verify a tag object signed with GPG\n\ncollaborate (see also: git help workflows)\n   fetch     Download objects and refs from another repository\n   pull      Fetch from and integrate with another repository or a local branch\n   push      Update remote refs along with associated objects\n\n'git help -a' and 'git help -g' list available subcommands and some\nconcept guides. See 'git help <command>' or 'git help <concept>'\nto read about a specific subcommand or concept.\nSee 'git help git' for an overview of the system.\n""
17:22:24.843687 [debug] [MainThread]: STDERR: "b''"
17:22:24.846726 [debug] [MainThread]: Acquiring new postgres connection "debug"
17:22:24.846937 [debug] [MainThread]: Using postgres connection "debug"
17:22:24.847062 [debug] [MainThread]: On debug: select 1 as id
17:22:24.847260 [debug] [MainThread]: Opening a new connection, currently in state init
17:22:24.868090 [debug] [MainThread]: SQL status: SELECT 1 in 0.02 seconds
17:22:24.869105 [debug] [MainThread]: On debug: Close
17:22:24.869631 [debug] [MainThread]: Sending event: {'category': 'dbt', 'action': 'invocation', 'label': 'end', 'context': [<snowplow_tracker.self_describing_json.SelfDescribingJson object at 0x7f0a580fcbe0>, <snowplow_tracker.self_describing_json.SelfDescribingJson object at 0x7f0a580fda80>, <snowplow_tracker.self_describing_json.SelfDescribingJson object at 0x7f0a580fc310>]}
17:22:25.150580 [debug] [MainThread]: Connection 'debug' was properly closed.
